  [1m[35m (0.1ms)[0m  [1m[34mSELECT sqlite_version(*)[0m
  ↳ bin/rails:9
  [1m[35m (101.9ms)[0m  [1m[35mCREATE TABLE "schema_migrations" ("version" varchar NOT NULL PRIMARY KEY)[0m
  ↳ bin/rails:9
  [1m[35m (73.9ms)[0m  [1m[35mCREATE TABLE "ar_internal_metadata" ("key" varchar NOT NULL PRIMARY KEY, "value" varchar, "created_at" datetime NOT NULL, "updated_at" datetime NOT NULL)[0m
  ↳ bin/rails:9
  [1m[35m (0.2ms)[0m  [1m[34mSELECT "schema_migrations"."version" FROM "schema_migrations" ORDER BY "schema_migrations"."version" ASC[0m
  ↳ bin/rails:9
Migrating to CreatePosts (20180418055737)
  [1m[35m (0.1ms)[0m  [1m[36mbegin transaction[0m
  ↳ bin/rails:9
  [1m[35m (0.5ms)[0m  [1m[35mCREATE TABLE "posts" ("id" integer PRIMARY KEY AUTOINCREMENT NOT NULL, "title" varchar, "body" text, "created_at" datetime NOT NULL, "updated_at" datetime NOT NULL)[0m
  ↳ db/migrate/20180418055737_create_posts.rb:3
  [1m[36mActiveRecord::SchemaMigration Create (0.3ms)[0m  [1m[32mINSERT INTO "schema_migrations" ("version") VALUES (?)[0m  [["version", "20180418055737"]]
  ↳ bin/rails:9
  [1m[35m (76.0ms)[0m  [1m[36mcommit transaction[0m
  ↳ bin/rails:9
  [1m[36mActiveRecord::InternalMetadata Load (0.3ms)[0m  [1m[34mSELECT  "ar_internal_metadata".* FROM "ar_internal_metadata" WHERE "ar_internal_metadata"."key" = ? LIMIT ?[0m  [["key", "environment"], ["LIMIT", 1]]
  ↳ bin/rails:9
  [1m[35m (0.1ms)[0m  [1m[36mbegin transaction[0m
  ↳ bin/rails:9
  [1m[36mActiveRecord::InternalMetadata Create (0.3ms)[0m  [1m[32mINSERT INTO "ar_internal_metadata" ("key", "value", "created_at", "updated_at") VALUES (?, ?, ?, ?)[0m  [["key", "environment"], ["value", "development"], ["created_at", "2018-04-18 05:57:54.788088"], ["updated_at", "2018-04-18 05:57:54.788088"]]
  ↳ bin/rails:9
  [1m[35m (103.1ms)[0m  [1m[36mcommit transaction[0m
  ↳ bin/rails:9
  [1m[35m (0.2ms)[0m  [1m[34mSELECT "schema_migrations"."version" FROM "schema_migrations" ORDER BY "schema_migrations"."version" ASC[0m
  ↳ bin/rails:9
  [1m[35m (0.1ms)[0m  [1m[34mSELECT "schema_migrations"."version" FROM "schema_migrations" ORDER BY "schema_migrations"."version" ASC[0m
  ↳ bin/rails:9
Migrating to CreateComments (20180418055950)
  [1m[35m (0.1ms)[0m  [1m[36mbegin transaction[0m
  ↳ bin/rails:9
  [1m[35m (0.1ms)[0m  [1m[34mSELECT sqlite_version(*)[0m
  ↳ db/migrate/20180418055950_create_comments.rb:3
  [1m[35m (0.4ms)[0m  [1m[35mCREATE TABLE "comments" ("id" integer PRIMARY KEY AUTOINCREMENT NOT NULL, "body" text, "post_id" integer, "created_at" datetime NOT NULL, "updated_at" datetime NOT NULL, CONSTRAINT "fk_rails_2fd19c0db7"
FOREIGN KEY ("post_id")
  REFERENCES "posts" ("id")
)[0m
  ↳ db/migrate/20180418055950_create_comments.rb:3
  [1m[35m (0.2ms)[0m  [1m[35mCREATE  INDEX "index_comments_on_post_id" ON "comments" ("post_id")[0m
  ↳ db/migrate/20180418055950_create_comments.rb:3
  [1m[36mActiveRecord::SchemaMigration Create (0.2ms)[0m  [1m[32mINSERT INTO "schema_migrations" ("version") VALUES (?)[0m  [["version", "20180418055950"]]
  ↳ bin/rails:9
  [1m[35m (100.0ms)[0m  [1m[36mcommit transaction[0m
  ↳ bin/rails:9
  [1m[36mActiveRecord::InternalMetadata Load (0.3ms)[0m  [1m[34mSELECT  "ar_internal_metadata".* FROM "ar_internal_metadata" WHERE "ar_internal_metadata"."key" = ? LIMIT ?[0m  [["key", "environment"], ["LIMIT", 1]]
  ↳ bin/rails:9
  [1m[35m (0.1ms)[0m  [1m[36mbegin transaction[0m
  ↳ bin/rails:9
  [1m[35m (0.1ms)[0m  [1m[36mcommit transaction[0m
  ↳ bin/rails:9
  [1m[35m (0.2ms)[0m  [1m[34mSELECT "schema_migrations"."version" FROM "schema_migrations" ORDER BY "schema_migrations"."version" ASC[0m
  ↳ bin/rails:9
Started GET "/posts/new" for 127.0.0.1 at 2018-04-18 11:39:27 +0530
  [1m[35m (0.3ms)[0m  [1m[34mSELECT "schema_migrations"."version" FROM "schema_migrations" ORDER BY "schema_migrations"."version" ASC[0m
  ↳ /home/navyug/.rvm/gems/ruby-2.4.4/gems/activerecord-5.2.0/lib/active_record/log_subscriber.rb:98
Processing by PostsController#new as HTML
  Rendering posts/new.html.erb within layouts/application
  Rendered posts/_form.html.erb (11.8ms)
  Rendered posts/new.html.erb within layouts/application (13.7ms)
Completed 200 OK in 453ms (Views: 435.9ms | ActiveRecord: 1.0ms)


Started POST "/posts" for 127.0.0.1 at 2018-04-18 11:39:34 +0530
Processing by PostsController#create as HTML
  Parameters: {"utf8"=>"✓", "authenticity_token"=>"o2wGnEttSGcFn/6jZlPD/88WY+58Oyb/6K3eVdu0Ilq4FJA5CYT2HVdSDdR4myq/utQdT0qfOs2GjqkNpUQwyw==", "post"=>{"title"=>"5275`", "body"=>"jswhs"}, "commit"=>"Create Post"}
  [1m[35m (0.1ms)[0m  [1m[36mbegin transaction[0m
  ↳ app/controllers/posts_controller.rb:30
  [1m[36mPost Create (0.3ms)[0m  [1m[32mINSERT INTO "posts" ("title", "body", "created_at", "updated_at") VALUES (?, ?, ?, ?)[0m  [["title", "5275`"], ["body", "jswhs"], ["created_at", "2018-04-18 06:09:34.306478"], ["updated_at", "2018-04-18 06:09:34.306478"]]
  ↳ app/controllers/posts_controller.rb:30
  [1m[35m (102.2ms)[0m  [1m[36mcommit transaction[0m
  ↳ app/controllers/posts_controller.rb:30
Redirected to http://localhost:3000/posts/1
Completed 302 Found in 117ms (ActiveRecord: 102.6ms)


Started GET "/posts/1" for 127.0.0.1 at 2018-04-18 11:39:34 +0530
Processing by PostsController#show as HTML
  Parameters: {"id"=>"1"}
  [1m[36mPost Load (0.3ms)[0m  [1m[34mSELECT  "posts".* FROM "posts" WHERE "posts"."id" = ? LIMIT ?[0m  [["id", 1], ["LIMIT", 1]]
  ↳ app/controllers/posts_controller.rb:67
  Rendering posts/show.html.erb within layouts/application
  Rendered posts/show.html.erb within layouts/application (59.5ms)
Completed 200 OK in 79ms (Views: 72.8ms | ActiveRecord: 0.9ms)


Started POST "/posts/1/comments" for 127.0.0.1 at 2018-04-18 11:47:11 +0530
Processing by CommentsController#create as HTML
  Parameters: {"utf8"=>"✓", "authenticity_token"=>"ktsKljs6GtZFv9UMwT1O+4TNgjXRAFmQfBKEve9ynleJo5wzedOkrBdyJnvf9ae78Q/8lOekRaISMfPlkYKMxg==", "comment"=>{"body"=>"ghsdgsghgd"}, "commit"=>"Create Comment", "post_id"=>"1"}
  [1m[36mPost Load (0.2ms)[0m  [1m[34mSELECT  "posts".* FROM "posts" WHERE "posts"."id" = ? LIMIT ?[0m  [["id", 1], ["LIMIT", 1]]
  ↳ app/controllers/comments_controller.rb:3
  [1m[35m (0.1ms)[0m  [1m[36mbegin transaction[0m
  ↳ app/controllers/comments_controller.rb:4
  [1m[36mComment Create (0.8ms)[0m  [1m[32mINSERT INTO "comments" ("body", "post_id", "created_at", "updated_at") VALUES (?, ?, ?, ?)[0m  [["body", "ghsdgsghgd"], ["post_id", 1], ["created_at", "2018-04-18 06:17:11.817211"], ["updated_at", "2018-04-18 06:17:11.817211"]]
  ↳ app/controllers/comments_controller.rb:4
  [1m[35m (89.6ms)[0m  [1m[36mcommit transaction[0m
  ↳ app/controllers/comments_controller.rb:4
Redirected to http://localhost:3000/posts/1
Completed 302 Found in 116ms (ActiveRecord: 92.3ms)


Started GET "/posts/1" for 127.0.0.1 at 2018-04-18 11:47:11 +0530
Processing by PostsController#show as HTML
  Parameters: {"id"=>"1"}
  [1m[36mPost Load (0.1ms)[0m  [1m[34mSELECT  "posts".* FROM "posts" WHERE "posts"."id" = ? LIMIT ?[0m  [["id", 1], ["LIMIT", 1]]
  ↳ app/controllers/posts_controller.rb:67
  Rendering posts/show.html.erb within layouts/application
  [1m[36mComment Load (0.2ms)[0m  [1m[34mSELECT "comments".* FROM "comments" WHERE "comments"."post_id" = ?[0m  [["post_id", 1]]
  ↳ app/views/posts/show.html.erb:13
  Rendered posts/show.html.erb within layouts/application (4.0ms)
Completed 200 OK in 45ms (Views: 43.5ms | ActiveRecord: 0.3ms)


  [1m[36mPost Load (0.3ms)[0m  [1m[34mSELECT  "posts".* FROM "posts" WHERE "posts"."id" = ? LIMIT ?[0m  [["id", 1], ["LIMIT", 1]]
  [1m[36mPost Load (0.2ms)[0m  [1m[34mSELECT  "posts".* FROM "posts" WHERE "posts"."id" = ? LIMIT ?[0m  [["id", 3], ["LIMIT", 1]]
  [1m[36mPost Load (0.3ms)[0m  [1m[34mSELECT  "posts".* FROM "posts" ORDER BY "posts"."id" ASC LIMIT ?[0m  [["LIMIT", 3]]
Started GET "/posts" for 127.0.0.1 at 2018-04-18 12:28:05 +0530
Processing by PostsController#index as HTML
  Rendering posts/index.html.erb within layouts/application
  [1m[36mPost Load (0.3ms)[0m  [1m[34mSELECT "posts".* FROM "posts"[0m
  ↳ app/views/posts/index.html.erb:15
  Rendered posts/index.html.erb within layouts/application (2.9ms)
Completed 200 OK in 32ms (Views: 29.5ms | ActiveRecord: 0.3ms)


Started GET "/posts/1/edit" for 127.0.0.1 at 2018-04-18 12:28:12 +0530
Processing by PostsController#edit as HTML
  Parameters: {"id"=>"1"}
  [1m[36mPost Load (0.4ms)[0m  [1m[34mSELECT  "posts".* FROM "posts" WHERE "posts"."id" = ? LIMIT ?[0m  [["id", 1], ["LIMIT", 1]]
  ↳ app/controllers/posts_controller.rb:67
  Rendering posts/edit.html.erb within layouts/application
  Rendered posts/_form.html.erb (5.3ms)
  Rendered posts/edit.html.erb within layouts/application (7.8ms)
Completed 200 OK in 37ms (Views: 33.7ms | ActiveRecord: 0.4ms)


Started PATCH "/posts/1" for 127.0.0.1 at 2018-04-18 12:28:19 +0530
Processing by PostsController#update as HTML
  Parameters: {"utf8"=>"✓", "authenticity_token"=>"HYdQ63Mtn1lmAbICgFB5RQvMoUXaIm0r9VRwONiGPToMajjRjlaJ4pxcp+Gg0S2SkQbuwbskCxASaVEzNRow7w==", "post"=>{"title"=>"5275`", "body"=>"gafs"}, "commit"=>"Update Post", "id"=>"1"}
  [1m[36mPost Load (0.2ms)[0m  [1m[34mSELECT  "posts".* FROM "posts" WHERE "posts"."id" = ? LIMIT ?[0m  [["id", 1], ["LIMIT", 1]]
  ↳ app/controllers/posts_controller.rb:67
  [1m[35m (0.1ms)[0m  [1m[36mbegin transaction[0m
  ↳ app/controllers/posts_controller.rb:44
  [1m[36mPost Update (0.5ms)[0m  [1m[33mUPDATE "posts" SET "body" = ?, "updated_at" = ? WHERE "posts"."id" = ?[0m  [["body", "gafs"], ["updated_at", "2018-04-18 06:58:19.710215"], ["id", 1]]
  ↳ app/controllers/posts_controller.rb:44
  [1m[35m (145.7ms)[0m  [1m[36mcommit transaction[0m
  ↳ app/controllers/posts_controller.rb:44
Redirected to http://localhost:3000/posts/1
Completed 302 Found in 155ms (ActiveRecord: 146.5ms)


Started GET "/posts/1" for 127.0.0.1 at 2018-04-18 12:28:19 +0530
Processing by PostsController#show as HTML
  Parameters: {"id"=>"1"}
  [1m[36mPost Load (0.1ms)[0m  [1m[34mSELECT  "posts".* FROM "posts" WHERE "posts"."id" = ? LIMIT ?[0m  [["id", 1], ["LIMIT", 1]]
  ↳ app/controllers/posts_controller.rb:67
  Rendering posts/show.html.erb within layouts/application
  [1m[36mComment Load (0.2ms)[0m  [1m[34mSELECT "comments".* FROM "comments" WHERE "comments"."post_id" = ?[0m  [["post_id", 1]]
  ↳ app/views/posts/show.html.erb:13
  Rendered posts/show.html.erb within layouts/application (3.3ms)
Completed 200 OK in 25ms (Views: 23.5ms | ActiveRecord: 0.4ms)


Started POST "/posts/1/comments" for 127.0.0.1 at 2018-04-18 12:28:27 +0530
Processing by CommentsController#create as HTML
  Parameters: {"utf8"=>"✓", "authenticity_token"=>"sum9BsHcB3dFWNyCS/GGfJM2IoQm1xn8wRlGml04rY+pkSujgzW5DReVL/VVOW885vRcJRBzBc6vOjHCI8i/Hg==", "comment"=>{"body"=>"836863434"}, "commit"=>"Create Comment", "post_id"=>"1"}
  [1m[36mPost Load (0.3ms)[0m  [1m[34mSELECT  "posts".* FROM "posts" WHERE "posts"."id" = ? LIMIT ?[0m  [["id", 1], ["LIMIT", 1]]
  ↳ app/controllers/comments_controller.rb:3
  [1m[35m (0.2ms)[0m  [1m[36mbegin transaction[0m
  ↳ app/controllers/comments_controller.rb:4
  [1m[36mComment Create (5.1ms)[0m  [1m[32mINSERT INTO "comments" ("body", "post_id", "created_at", "updated_at") VALUES (?, ?, ?, ?)[0m  [["body", "836863434"], ["post_id", 1], ["created_at", "2018-04-18 06:58:27.374030"], ["updated_at", "2018-04-18 06:58:27.374030"]]
  ↳ app/controllers/comments_controller.rb:4
  [1m[35m (96.6ms)[0m  [1m[36mcommit transaction[0m
  ↳ app/controllers/comments_controller.rb:4
Redirected to http://localhost:3000/posts/1
Completed 302 Found in 111ms (ActiveRecord: 102.1ms)


Started GET "/posts/1" for 127.0.0.1 at 2018-04-18 12:28:27 +0530
Processing by PostsController#show as HTML
  Parameters: {"id"=>"1"}
  [1m[36mPost Load (0.1ms)[0m  [1m[34mSELECT  "posts".* FROM "posts" WHERE "posts"."id" = ? LIMIT ?[0m  [["id", 1], ["LIMIT", 1]]
  ↳ app/controllers/posts_controller.rb:67
  Rendering posts/show.html.erb within layouts/application
  [1m[36mComment Load (0.2ms)[0m  [1m[34mSELECT "comments".* FROM "comments" WHERE "comments"."post_id" = ?[0m  [["post_id", 1]]
  ↳ app/views/posts/show.html.erb:13
  Rendered posts/show.html.erb within layouts/application (4.3ms)
Completed 200 OK in 22ms (Views: 20.6ms | ActiveRecord: 0.3ms)


  [1m[36mComment Load (0.2ms)[0m  [1m[34mSELECT  "comments".* FROM "comments" ORDER BY "comments"."id" ASC LIMIT ?[0m  [["LIMIT", 1]]
Started GET "/posts" for 127.0.0.1 at 2018-04-18 12:34:00 +0530
Processing by PostsController#index as HTML
  Rendering posts/index.html.erb within layouts/application
  [1m[36mPost Load (0.2ms)[0m  [1m[34mSELECT "posts".* FROM "posts"[0m
  ↳ app/views/posts/index.html.erb:15
  Rendered posts/index.html.erb within layouts/application (2.5ms)
Completed 200 OK in 30ms (Views: 28.2ms | ActiveRecord: 0.2ms)


Started GET "/posts/new" for 127.0.0.1 at 2018-04-18 12:34:02 +0530
Processing by PostsController#new as HTML
  Rendering posts/new.html.erb within layouts/application
  Rendered posts/_form.html.erb (3.8ms)
  Rendered posts/new.html.erb within layouts/application (5.6ms)
Completed 200 OK in 35ms (Views: 33.0ms | ActiveRecord: 0.0ms)


Started POST "/posts" for 127.0.0.1 at 2018-04-18 12:34:13 +0530
Processing by PostsController#create as HTML
  Parameters: {"utf8"=>"✓", "authenticity_token"=>"tXPDrZ4w3SkG44ZqdABWI8oCi1uEfZ1lnfCMcb0pysk2VkLH7R8zqu+iIDcIlVVrss8UU/8t8H4h33MIyqNI3w==", "post"=>{"title"=>"Troy ", "body"=>"this is lokesh"}, "commit"=>"Create Post"}
  [1m[35m (0.2ms)[0m  [1m[36mbegin transaction[0m
  ↳ app/controllers/posts_controller.rb:30
  [1m[36mPost Create (0.6ms)[0m  [1m[32mINSERT INTO "posts" ("title", "body", "created_at", "updated_at") VALUES (?, ?, ?, ?)[0m  [["title", "Troy "], ["body", "this is lokesh"], ["created_at", "2018-04-18 07:04:13.453725"], ["updated_at", "2018-04-18 07:04:13.453725"]]
  ↳ app/controllers/posts_controller.rb:30
  [1m[35m (173.0ms)[0m  [1m[36mcommit transaction[0m
  ↳ app/controllers/posts_controller.rb:30
Redirected to http://localhost:3000/posts/2
Completed 302 Found in 183ms (ActiveRecord: 173.7ms)


Started GET "/posts/2" for 127.0.0.1 at 2018-04-18 12:34:13 +0530
Processing by PostsController#show as HTML
  Parameters: {"id"=>"2"}
  [1m[36mPost Load (0.3ms)[0m  [1m[34mSELECT  "posts".* FROM "posts" WHERE "posts"."id" = ? LIMIT ?[0m  [["id", 2], ["LIMIT", 1]]
  ↳ app/controllers/posts_controller.rb:67
  Rendering posts/show.html.erb within layouts/application
  [1m[36mComment Load (0.2ms)[0m  [1m[34mSELECT "comments".* FROM "comments" WHERE "comments"."post_id" = ?[0m  [["post_id", 2]]
  ↳ app/views/posts/show.html.erb:13
  Rendered posts/show.html.erb within layouts/application (3.4ms)
Completed 200 OK in 25ms (Views: 22.3ms | ActiveRecord: 0.5ms)


Started POST "/posts/2/comments" for 127.0.0.1 at 2018-04-18 12:34:22 +0530
Processing by CommentsController#create as HTML
  Parameters: {"utf8"=>"✓", "authenticity_token"=>"uVJlsOkCpXxN8P3q8WCS0KIJWrnWzP9fSy3tSnNPWnSiKvMVq+sbBh89Dp3vqHuQ18skGOBo420lDpoSDb9I5Q==", "comment"=>{"body"=>"testing"}, "commit"=>"Create Comment", "post_id"=>"2"}
  [1m[36mPost Load (0.3ms)[0m  [1m[34mSELECT  "posts".* FROM "posts" WHERE "posts"."id" = ? LIMIT ?[0m  [["id", 2], ["LIMIT", 1]]
  ↳ app/controllers/comments_controller.rb:3
  [1m[35m (0.1ms)[0m  [1m[36mbegin transaction[0m
  ↳ app/controllers/comments_controller.rb:4
  [1m[36mComment Create (1.1ms)[0m  [1m[32mINSERT INTO "comments" ("body", "post_id", "created_at", "updated_at") VALUES (?, ?, ?, ?)[0m  [["body", "testing"], ["post_id", 2], ["created_at", "2018-04-18 07:04:22.261276"], ["updated_at", "2018-04-18 07:04:22.261276"]]
  ↳ app/controllers/comments_controller.rb:4
  [1m[35m (105.0ms)[0m  [1m[36mcommit transaction[0m
  ↳ app/controllers/comments_controller.rb:4
Redirected to http://localhost:3000/posts/2
Completed 302 Found in 115ms (ActiveRecord: 106.5ms)


Started GET "/posts/2" for 127.0.0.1 at 2018-04-18 12:34:22 +0530
Processing by PostsController#show as HTML
  Parameters: {"id"=>"2"}
  [1m[36mPost Load (0.2ms)[0m  [1m[34mSELECT  "posts".* FROM "posts" WHERE "posts"."id" = ? LIMIT ?[0m  [["id", 2], ["LIMIT", 1]]
  ↳ app/controllers/posts_controller.rb:67
  Rendering posts/show.html.erb within layouts/application
  [1m[36mComment Load (0.2ms)[0m  [1m[34mSELECT "comments".* FROM "comments" WHERE "comments"."post_id" = ?[0m  [["post_id", 2]]
  ↳ app/views/posts/show.html.erb:13
  Rendered posts/show.html.erb within layouts/application (6.0ms)
Completed 200 OK in 34ms (Views: 31.6ms | ActiveRecord: 0.4ms)


  [1m[36mComment Load (0.3ms)[0m  [1m[34mSELECT  "comments".* FROM "comments" LIMIT ?[0m  [["LIMIT", 1]]
  [1m[36mComment Load (0.2ms)[0m  [1m[34mSELECT  "comments".* FROM "comments" LIMIT ?[0m  [["LIMIT", 11]]
